  speechManager.cpp
D:\project_c++\基于STL的演讲比赛流程管理系统\speechManager.cpp(292,31): warning C4267: “=”: 从“size_t”转换到“int”，可能丢失数据
D:\vs2022\VC\Tools\MSVC\14.30.30705\include\numeric(34,26): warning C4244: “=”: 从“double”转换到“_Ty”，可能丢失数据
          with
          [
              _Ty=float
          ]
D:\vs2022\VC\Tools\MSVC\14.30.30705\include\numeric(43): message : 查看对正在编译的函数 模板 实例化“_Ty std::accumulate<_InIt,_Ty,std::plus<void>>(const _InIt,const _InIt,_Ty,_Fn)”的引用
          with
          [
              _Ty=float,
              _InIt=std::_Deque_iterator<std::_Deque_val<std::_Deque_simple_types<double>>>,
              _Fn=std::plus<void>
          ]
D:\project_c++\基于STL的演讲比赛流程管理系统\speechManager.cpp(131): message : 查看对正在编译的函数 模板 实例化“_Ty std::accumulate<std::_Deque_iterator<std::_Deque_val<std::_Deque_simple_types<double>>>,float>(const _InIt,const _InIt,_Ty)”的引用
          with
          [
              _Ty=float,
              _InIt=std::_Deque_iterator<std::_Deque_val<std::_Deque_simple_types<double>>>
          ]
  基于STL的演讲比赛流程管理系统.vcxproj -> D:\project_c++\基于STL的演讲比赛流程管理系统\x64\Debug\基于STL的演讲比赛流程管理系统.exe
